<?xml version="1.0" encoding="UTF-8"?>
<!-- Generated by org.testng.reporters.JUnitReportReporter -->
<testsuite skipped="0" hostname="DESKTOP-RTOV87Q" name="com.TestBase.TestBase" tests="2" failures="0" timestamp="18 Mar 2018 07:47:36 GMT" time="15.748" errors="0">
  <testcase name="OpenBrowser" time="14.837" classname="com.TestBase.TestBase"/>
  <testcase name="CloseBrowser" time="0.911" classname="com.TestBase.TestBase"/>
</testsuite> <!-- com.TestBase.TestBase -->
